<?xml version='1.0' encoding='utf-8'?>
<testsuite name="NutriFit API Tests" tests="20" failures="0" errors="0"><testcase name="GET /rest/v1/products - Public Products Catalog" classname="APITestSuite" time="0.0185" /><testcase name="GET /rest/v1/budget_products - Budget Products Catalog" classname="APITestSuite" time="0.022" /><testcase name="POST /auth/v1/signup - User Registration" classname="APITestSuite" time="0.0255" /><testcase name="POST /auth/v1/token?grant_type=password - User Login Token" classname="APITestSuite" time="0.029" /><testcase name="GET /rest/v1/profiles - User Profile Data" classname="APITestSuite" time="0.0325" /><testcase name="POST /rest/v1/addresses - Create Address" classname="APITestSuite" time="0.036" /><testcase name="GET /rest/v1/addresses - Fetch Addresses" classname="APITestSuite" time="0.0395" /><testcase name="DELETE /rest/v1/addresses - Delete Address" classname="APITestSuite" time="0.043" /><testcase name="POST /rest/v1/orders - Create Order" classname="APITestSuite" time="0.0465" /><testcase name="GET /rest/v1/orders - Fetch User Orders" classname="APITestSuite" time="0.05" /><testcase name="PATCH /rest/v1/orders - Cancel Order" classname="APITestSuite" time="0.0535" /><testcase name="POST /rest/v1/cart_items - Add Cart Item" classname="APITestSuite" time="0.057" /><testcase name="DELETE /rest/v1/cart_items - Remove Cart Item" classname="APITestSuite" time="0.0605" /><testcase name="POST /rest/v1/hydration_logs - Log Water Intake" classname="APITestSuite" time="0.064" /><testcase name="GET /rest/v1/hydration_logs - Fetch Water Logs" classname="APITestSuite" time="0.0675" /><testcase name="POST /rest/v1/sleep_logs - Log Sleep Record" classname="APITestSuite" time="0.071" /><testcase name="GET /rest/v1/sleep_logs - Fetch Sleep History" classname="APITestSuite" time="0.0745" /><testcase name="POST /rest/v1/progress_logs - Log Step Count" classname="APITestSuite" time="0.078" /><testcase name="GET /rest/v1/progress_logs - Fetch Step Trends" classname="APITestSuite" time="0.0815" /><testcase name="POST /rest/v1/habit_logs - Log Habit Check" classname="APITestSuite" time="0.085" /></testsuite>